21:04:48: Creating resource group General
21:04:48: Creating resource group Internal
21:04:48: Creating resource group Autodetect
21:04:48: SceneManagerFactory for type 'DefaultSceneManager' registered.
21:04:48: Registering ResourceManager for type Material
21:04:48: Registering ResourceManager for type Mesh
21:04:48: Registering ResourceManager for type Skeleton
21:04:48: MovableObjectFactory for type 'ParticleSystem' registered.
21:04:48: OverlayElementFactory for type Panel registered.
21:04:48: OverlayElementFactory for type BorderPanel registered.
21:04:48: OverlayElementFactory for type TextArea registered.
21:04:48: Registering ResourceManager for type Font
21:04:48: ArchiveFactory for archive type FileSystem registered.
21:04:48: ArchiveFactory for archive type Zip registered.
21:04:48: FreeImage version: 3.11.0
21:04:48: This program uses FreeImage, a free, open source image library supporting all common bitmap formats. See http://freeimage.sourceforge.net for details
21:04:48: Supported formats: bmp,ico,jpg,jif,jpeg,jpe,jng,koa,iff,lbm,mng,pbm,pbm,pcd,pcx,pgm,pgm,png,ppm,ppm,ras,tga,targa,tif,tiff,wap,wbmp,wbm,psd,cut,xbm,xpm,gif,hdr,g3,sgi,exr,j2k,j2c,jp2
21:04:48: DDS codec registering
21:04:48: Registering ResourceManager for type HighLevelGpuProgram
21:04:48: Registering ResourceManager for type Compositor
21:04:48: MovableObjectFactory for type 'Entity' registered.
21:04:48: MovableObjectFactory for type 'Light' registered.
21:04:48: MovableObjectFactory for type 'BillboardSet' registered.
21:04:48: MovableObjectFactory for type 'ManualObject' registered.
21:04:48: MovableObjectFactory for type 'BillboardChain' registered.
21:04:48: MovableObjectFactory for type 'RibbonTrail' registered.
21:04:48: Loading library /usr/lib/OGRE/RenderSystem_GL
21:04:48: Installing plugin: GL RenderSystem
21:04:48: OpenGL Rendering Subsystem created.
21:04:48: Plugin successfully installed
21:04:48: Loading library /usr/lib/OGRE/Plugin_OctreeSceneManager
21:04:48: Installing plugin: Octree & Terrain Scene Manager
21:04:48: Plugin successfully installed
21:04:48: *-*-* OGRE Initialising
21:04:48: *-*-* Version 1.6.1 (Shoggoth)
21:04:48: Creating resource group Game
21:04:48: Added resource location '../data/models' of type 'FileSystem' to resource group 'Game'
21:04:48: Added resource location '../data/materials' of type 'FileSystem' to resource group 'Game'
21:04:48: Added resource location '../data/materials/programs' of type 'FileSystem' to resource group 'Game'
21:04:48: Added resource location '../data/materials/scripts' of type 'FileSystem' to resource group 'Game'
21:04:48: Added resource location '../data/materials/textures' of type 'FileSystem' to resource group 'Game'
21:04:48: Added resource location '../data/fonts' of type 'FileSystem' to resource group 'General'
21:04:48: Creating resource group Gui
21:04:48: Added resource location '../data/gui' of type 'FileSystem' to resource group 'Gui'
21:04:48: CPU Identifier & Features
21:04:48: -------------------------
21:04:48:  *   CPU ID: GenuineIntel: Intel(R) Core(TM)2 Duo CPU     T7300  @ 2.00GHz
21:04:48:  *      SSE: yes
21:04:48:  *     SSE2: yes
21:04:48:  *     SSE3: yes
21:04:48:  *      MMX: yes
21:04:48:  *   MMXEXT: yes
21:04:48:  *    3DNOW: no
21:04:48:  * 3DNOWEXT: no
21:04:48:  *     CMOV: yes
21:04:48:  *      TSC: yes
21:04:48:  *      FPU: yes
21:04:48:  *      PRO: yes
21:04:48:  *       HT: no
21:04:48: -------------------------
21:04:48: ******************************
*** Starting GLX Subsystem ***
******************************
21:04:48: GLRenderSystem::_createRenderWindow "Trissa 3D UI", 800x600 windowed  miscParams: FSAA=0 displayFrequency=60 MHz gamma= vsync=No 
21:04:48: OGRE EXCEPTION(6:FileNotFoundException): Cannot locate resource GLX_icon.png in resource group General or any other group. in ResourceGroupManager::openResource at OgreResourceGroupManager.cpp (line 753)
21:04:49: GLXWindow::create used FBConfigID = 39
21:04:49: GL_VERSION = 2.1.8494 Release
21:04:49: GL_VENDOR = ATI Technologies Inc.
21:04:49: GL_RENDERER = ATI Mobility Radeon HD 2400
21:04:49: GL_EXTENSIONS = GL_AMD_performance_monitor GL_ARB_color_buffer_float GL_ARB_depth_buffer_float GL_ARB_depth_texture GL_ARB_draw_buffers GL_ARB_draw_instanced GL_ARB_fragment_program GL_ARB_fragment_program_shadow GL_ARB_fragment_shader GL_ARB_framebuffer_object GL_ARB_framebuffer_sRGB GL_ARB_half_float_pixel GL_ARB_half_float_vertex GL_ARB_instanced_arrays GL_ARB_map_buffer_range GL_ARB_multisample GL_ARB_multitexture GL_ARB_occlusion_query GL_ARB_pixel_buffer_object GL_ARB_point_parameters GL_ARB_point_sprite GL_ARB_shader_objects GL_ARB_shader_texture_lod GL_ARB_shading_language_100 GL_ARB_shadow GL_ARB_shadow_ambient GL_ARB_texture_border_clamp GL_ARB_texture_compression GL_ARB_texture_compression_rgtc GL_ARB_texture_cube_map GL_ARB_texture_env_add GL_ARB_texture_env_combine GL_ARB_texture_env_crossbar GL_ARB_texture_env_dot3 GL_ARB_texture_float GL_ARB_texture_mirrored_repeat GL_ARB_texture_non_power_of_two GL_ARB_texture_rectangle GL_ARB_texture_rg GL_ARB_transpose_matrix GL_ARB_vertex_array_object GL_ARB_vertex_buffer_object GL_ARB_vertex_program GL_ARB_vertex_shader GL_ARB_window_pos GL_ATI_draw_buffers GL_ATI_envmap_bumpmap GL_ATI_fragment_shader GL_ATI_meminfo GL_ATI_separate_stencil GL_ATI_texture_compression_3dc GL_ATI_texture_env_combine3 GL_ATI_texture_float GL_EXT_abgr GL_EXT_bgra GL_EXT_bindable_uniform GL_EXT_blend_color GL_EXT_blend_equation_separate GL_EXT_blend_func_separate GL_EXT_blend_minmax GL_EXT_blend_subtract GL_EXT_compiled_vertex_array GL_EXT_copy_texture GL_EXT_draw_buffers2 GL_EXT_draw_range_elements GL_EXT_fog_coord GL_EXT_framebuffer_blit GL_EXT_framebuffer_multisample GL_EXT_framebuffer_object GL_EXT_framebuffer_sRGB GL_EXT_gpu_program_parameters GL_EXT_gpu_shader4 GL_EXT_multi_draw_arrays GL_EXT_packed_depth_stencil GL_EXT_packed_float GL_EXT_packed_pixels GL_EXT_point_parameters GL_EXT_rescale_normal GL_EXT_secondary_color GL_EXT_separate_specular_color GL_EXT_shadow_funcs GL_EXT_stencil_wrap GL_EXT_subtexture GL_EXT_texgen_reflection GL_EXT_texture3D GL_EXT_texture_array GL_EXT_texture_compression_latc GL_EXT_texture_compression_rgtc GL_EXT_texture_compression_s3tc GL_EXT_texture_cube_map GL_EXT_texture_edge_clamp GL_EXT_texture_env_add GL_EXT_texture_env_combine GL_EXT_texture_env_dot3 GL_EXT_texture_filter_anisotropic GL_EXT_texture_integer GL_EXT_texture_lod_bias GL_EXT_texture_mirror_clamp GL_EXT_texture_object GL_EXT_texture_rectangle GL_EXT_texture_sRGB GL_EXT_texture_shared_exponent GL_EXT_transform_feedback GL_EXT_vertex_array GL_KTX_buffer_region GL_NV_blend_square GL_NV_conditional_render GL_NV_copy_depth_to_color GL_NV_texgen_reflection GL_SGIS_generate_mipmap GL_SGIS_texture_edge_clamp GL_SGIS_texture_lod GL_WIN_swap_hint WGL_EXT_swap_control
21:04:49: Supported GLX extensions: GLX_ARB_create_context GLX_ARB_get_proc_address GLX_ARB_multisample GLX_EXT_import_context GLX_EXT_visual_info GLX_EXT_visual_rating GLX_MESA_swap_control GLX_NV_swap_group GLX_OML_swap_method GLX_SGI_video_sync GLX_SGIS_multisample GLX_SGIX_fbconfig GLX_SGIX_swap_barrier GLX_SGIX_swap_group GLX_SGIX_visual_select_group 
21:04:49: ***************************
21:04:49: *** GL Renderer Started ***
21:04:49: ***************************
21:04:49: Registering ResourceManager for type GpuProgram
21:04:49: GLSL support detected
21:04:49: GL: Using GL_EXT_framebuffer_object for rendering to textures (best)
21:04:49: FBO PF_UNKNOWN depth/stencil support: D0S1 D0S4 D0S8 D0S16 D16S0 D24S0 D32S0 Packed-D24S8 
21:04:49: FBO PF_L8 depth/stencil support: D0S0 D0S1 D0S4 D0S8 D0S16 D16S0 D24S0 D32S0 Packed-D24S8 
21:04:49: FBO PF_L16 depth/stencil support: D0S0 D0S1 D0S4 D0S8 D0S16 D16S0 D24S0 D32S0 Packed-D24S8 
21:04:49: FBO PF_A8 depth/stencil support: D0S0 D0S1 D0S4 D0S8 D0S16 D16S0 D24S0 D32S0 Packed-D24S8 
21:04:49: FBO PF_A4L4 depth/stencil support: D0S0 D0S1 D0S4 D0S8 D0S16 D16S0 D24S0 D32S0 Packed-D24S8 
21:04:49: FBO PF_BYTE_LA depth/stencil support: D0S0 D0S1 D0S4 D0S8 D0S16 D16S0 D24S0 D32S0 Packed-D24S8 
21:04:49: FBO PF_R5G6B5 depth/stencil support: D0S0 D0S1 D0S4 D0S8 D0S16 D16S0 D24S0 D32S0 Packed-D24S8 
21:04:49: FBO PF_B5G6R5 depth/stencil support: D0S0 D0S1 D0S4 D0S8 D0S16 D16S0 D24S0 D32S0 Packed-D24S8 
21:04:49: FBO PF_A4R4G4B4 depth/stencil support: D0S0 D0S1 D0S4 D0S8 D0S16 D16S0 D24S0 D32S0 Packed-D24S8 
21:04:49: FBO PF_A1R5G5B5 depth/stencil support: D0S0 D0S1 D0S4 D0S8 D0S16 D16S0 D24S0 D32S0 Packed-D24S8 
21:04:49: FBO PF_R8G8B8 depth/stencil support: D0S0 D0S1 D0S4 D0S8 D0S16 D16S0 D24S0 D32S0 Packed-D24S8 
21:04:49: FBO PF_B8G8R8 depth/stencil support: D0S0 D0S1 D0S4 D0S8 D0S16 D16S0 D24S0 D32S0 Packed-D24S8 
21:04:49: FBO PF_A8R8G8B8 depth/stencil support: D0S0 D0S1 D0S4 D0S8 D0S16 D16S0 D24S0 D32S0 Packed-D24S8 
21:04:49: FBO PF_B8G8R8A8 depth/stencil support: D0S0 D0S1 D0S4 D0S8 D0S16 D16S0 D24S0 D32S0 Packed-D24S8 
21:04:49: FBO PF_A2R10G10B10 depth/stencil support: D0S0 D0S1 D0S4 D0S8 D0S16 D16S0 D24S0 D32S0 Packed-D24S8 
21:04:49: FBO PF_A2B10G10R10 depth/stencil support: D0S0 D0S1 D0S4 D0S8 D0S16 D16S0 D24S0 D32S0 Packed-D24S8 
21:04:49: FBO PF_FLOAT16_RGB depth/stencil support: D0S0 D0S1 D0S4 D0S8 D0S16 D16S0 D24S0 D32S0 Packed-D24S8 
21:04:49: FBO PF_FLOAT16_RGBA depth/stencil support: D0S0 D0S1 D0S4 D0S8 D0S16 D16S0 D24S0 D32S0 Packed-D24S8 
21:04:49: FBO PF_FLOAT32_RGB depth/stencil support: D0S0 D0S1 D0S4 D0S8 D0S16 D16S0 D24S0 D32S0 Packed-D24S8 
21:04:49: FBO PF_FLOAT32_RGBA depth/stencil support: D0S0 D0S1 D0S4 D0S8 D0S16 D16S0 D24S0 D32S0 Packed-D24S8 
21:04:49: FBO PF_X8R8G8B8 depth/stencil support: D0S0 D0S1 D0S4 D0S8 D0S16 D16S0 D24S0 D32S0 Packed-D24S8 
21:04:49: FBO PF_X8B8G8R8 depth/stencil support: D0S0 D0S1 D0S4 D0S8 D0S16 D16S0 D24S0 D32S0 Packed-D24S8 
21:04:49: FBO PF_SHORT_RGBA depth/stencil support: D0S0 D0S1 D0S4 D0S8 D0S16 D16S0 D24S0 D32S0 Packed-D24S8 
21:04:49: FBO PF_R3G3B2 depth/stencil support: D0S0 D0S1 D0S4 D0S8 D0S16 D16S0 D24S0 D32S0 Packed-D24S8 
21:04:49: FBO PF_FLOAT16_R depth/stencil support: D0S0 D0S1 D0S4 D0S8 D0S16 D16S0 D24S0 D32S0 Packed-D24S8 
21:04:49: FBO PF_FLOAT32_R depth/stencil support: D0S0 D0S1 D0S4 D0S8 D0S16 D16S0 D24S0 D32S0 Packed-D24S8 
21:04:49: FBO PF_SHORT_GR depth/stencil support: D0S0 D0S1 D0S4 D0S8 D0S16 D16S0 D24S0 D32S0 Packed-D24S8 
21:04:49: FBO PF_FLOAT16_GR depth/stencil support: D0S0 D0S1 D0S4 D0S8 D0S16 D16S0 D24S0 D32S0 Packed-D24S8 
21:04:49: FBO PF_FLOAT32_GR depth/stencil support: D0S0 D0S1 D0S4 D0S8 D0S16 D16S0 D24S0 D32S0 Packed-D24S8 
21:04:49: FBO PF_SHORT_RGB depth/stencil support: D0S0 D0S1 D0S4 D0S8 D0S16 D16S0 D24S0 D32S0 Packed-D24S8 
21:04:49: [GL] : Valid FBO targets PF_UNKNOWN PF_L8 PF_L16 PF_A8 PF_A4L4 PF_BYTE_LA PF_R5G6B5 PF_B5G6R5 PF_A4R4G4B4 PF_A1R5G5B5 PF_R8G8B8 PF_B8G8R8 PF_A8R8G8B8 PF_B8G8R8A8 PF_A2R10G10B10 PF_A2B10G10R10 PF_FLOAT16_RGB PF_FLOAT16_RGBA PF_FLOAT32_RGB PF_FLOAT32_RGBA PF_X8R8G8B8 PF_X8B8G8R8 PF_SHORT_RGBA PF_R3G3B2 PF_FLOAT16_R PF_FLOAT32_R PF_SHORT_GR PF_FLOAT16_GR PF_FLOAT32_GR PF_SHORT_RGB 
21:04:49: RenderSystem capabilities
21:04:49: -------------------------
21:04:49: RenderSystem Name: OpenGL Rendering Subsystem
21:04:49: GPU Vendor: ati
21:04:49: Device Name: ATI Mobility Radeon HD 2400
21:04:49: Driver Version: 2.1.8494.0
21:04:49:  * Fixed function pipeline: yes
21:04:49:  * Hardware generation of mipmaps: yes
21:04:49:  * Texture blending: yes
21:04:49:  * Anisotropic texture filtering: yes
21:04:49:  * Dot product texture operation: yes
21:04:49:  * Cube mapping: yes
21:04:49:  * Hardware stencil buffer: yes
21:04:49:    - Stencil depth: 8
21:04:49:    - Two sided stencil support: yes
21:04:49:    - Wrap stencil values: yes
21:04:49:  * Hardware vertex / index buffers: yes
21:04:49:  * Vertex programs: yes
21:04:49:  * Fragment programs: yes
21:04:49:  * Geometry programs: no
21:04:49:  * Supported Shader Profiles: arbfp1 arbvp1 glsl ps_1_1 ps_1_2 ps_1_3 ps_1_4
21:04:49:  * Texture Compression: yes
21:04:49:    - DXT: yes
21:04:49:    - VTC: no
21:04:49:  * Scissor Rectangle: yes
21:04:49:  * Hardware Occlusion Query: yes
21:04:49:  * User clip planes: yes
21:04:49:  * VET_UBYTE4 vertex element type: yes
21:04:49:  * Infinite far plane projection: yes
21:04:49:  * Hardware render-to-texture: yes
21:04:49:  * Floating point textures: yes
21:04:49:  * Non-power-of-two textures: yes
21:04:49:  * Volume textures: yes
21:04:49:  * Multiple Render Targets: 8
21:04:49:    - With different bit depths: yes
21:04:49:  * Point Sprites: yes
21:04:49:  * Extended point parameters: yes
21:04:49:  * Max Point Size: 8192
21:04:49:  * Vertex texture fetch: yes
21:04:49:    - Max vertex textures: 16
21:04:49:    - Vertex textures shared: yes
21:04:49:  * Render to Vertex Buffer : no
21:04:49:  * GL 1.5 without VBO workaround: no
21:04:49:  * Frame Buffer objects: yes
21:04:49:  * Frame Buffer objects (ARB extension): no
21:04:49:  * Frame Buffer objects (ATI extension): no
21:04:49:  * PBuffer suppport: no
21:04:49:  * GL 1.5 without HW-occlusion workaround: no
21:04:49: Registering ResourceManager for type Texture
21:04:49: ResourceBackgroundQueue - threading disabled
21:04:49: Particle Renderer Type 'billboard' registered
21:04:49: SceneManagerFactory for type 'OctreeSceneManager' registered.
21:04:49: SceneManagerFactory for type 'TerrainSceneManager' registered.
21:04:49: Parsing scripts for resource group Autodetect
21:04:49: Finished parsing scripts for resource group Autodetect
21:04:49: Parsing scripts for resource group Game
21:04:49: Parsing script base.material
21:04:49: Parsing script ninja.material
21:04:49: Finished parsing scripts for resource group Game
21:04:49: Parsing scripts for resource group General
21:04:49: Finished parsing scripts for resource group General
21:04:49: Parsing scripts for resource group Gui
21:04:49: Finished parsing scripts for resource group Gui
21:04:49: Parsing scripts for resource group Internal
21:04:49: Finished parsing scripts for resource group Internal
21:04:49: Texture: TaharezLook.tga: Loading 1 faces(PF_A8R8G8B8,256x256x1) with  hardware generated mipmaps from Image. Internal format is PF_A8R8G8B8,256x256x1.
21:04:49: Texture: _cegui_ogre_0: Loading 1 faces(PF_A8R8G8B8,256x256x1) with  hardware generated mipmaps from Image. Internal format is PF_A8R8G8B8,256x256x1.
21:04:50: Texture: BumpyMetal.jpg: Loading 1 faces(PF_R8G8B8,512x512x1) with 5 hardware generated mipmaps from Image. Internal format is PF_X8R8G8B8,512x512x1.
21:04:50: Mesh: Loading ninja.mesh.
21:04:51: Skeleton: Loading ninja.skeleton
21:04:51: Texture: nskingr.jpg: Loading 1 faces(PF_R8G8B8,512x512x1) with 5 hardware generated mipmaps from Image. Internal format is PF_X8R8G8B8,512x512x1.
21:05:07: *-*-* OGRE Shutdown
21:05:07: Unregistering ResourceManager for type Compositor
21:05:07: Unregistering ResourceManager for type Font
21:05:07: Unregistering ResourceManager for type Skeleton
21:05:07: Unregistering ResourceManager for type Mesh
21:05:07: Unregistering ResourceManager for type HighLevelGpuProgram
21:05:07: Uninstalling plugin: Octree & Terrain Scene Manager
21:05:07: Plugin successfully uninstalled
21:05:07: Unloading library /usr/lib/OGRE/Plugin_OctreeSceneManager
21:05:07: Uninstalling plugin: GL RenderSystem
21:05:07: Unregistering ResourceManager for type GpuProgram
21:05:07: ******************************
*** Stopping GLX Subsystem ***
******************************
21:05:07: Unregistering ResourceManager for type Texture
21:05:07: Plugin successfully uninstalled
21:05:07: Unloading library /usr/lib/OGRE/RenderSystem_GL
21:05:07: Unregistering ResourceManager for type Material
